TN:
SF:server.js
FN:16,(anonymous_0)
FN:25,initDatabase
FN:36,(anonymous_2)
FN:46,fetchUrlMetadata
FN:130,(anonymous_4)
FN:147,(anonymous_5)
FN:166,(anonymous_6)
FN:172,(anonymous_7)
FN:188,(anonymous_8)
FN:189,(anonymous_9)
FN:200,(anonymous_10)
FN:209,(anonymous_11)
FN:215,(anonymous_12)
FN:217,(anonymous_13)
FN:218,(anonymous_14)
FNF:15
FNH:11
FNDA:1,(anonymous_0)
FNDA:1,initDatabase
FNDA:1,(anonymous_2)
FNDA:10,fetchUrlMetadata
FNDA:4,(anonymous_4)
FNDA:3,(anonymous_5)
FNDA:3,(anonymous_6)
FNDA:3,(anonymous_7)
FNDA:2,(anonymous_8)
FNDA:2,(anonymous_9)
FNDA:1,(anonymous_10)
FNDA:0,(anonymous_11)
FNDA:0,(anonymous_12)
FNDA:0,(anonymous_13)
FNDA:0,(anonymous_14)
DA:1,1
DA:2,1
DA:3,1
DA:4,1
DA:5,1
DA:7,1
DA:8,1
DA:9,1
DA:12,1
DA:13,1
DA:16,1
DA:17,1
DA:18,0
DA:20,1
DA:21,1
DA:26,1
DA:37,1
DA:38,0
DA:40,1
DA:47,10
DA:49,10
DA:57,9
DA:58,9
DA:61,9
DA:62,9
DA:63,2
DA:65,9
DA:66,1
DA:70,9
DA:71,9
DA:72,3
DA:74,9
DA:75,2
DA:79,9
DA:82,9
DA:90,9
DA:91,33
DA:92,33
DA:96,9
DA:97,6
DA:98,6
DA:99,3
DA:101,1
DA:102,1
DA:103,2
DA:105,1
DA:106,1
DA:107,1
DA:109,1
DA:110,1
DA:113,9
DA:120,1
DA:121,1
DA:130,1
DA:131,4
DA:133,4
DA:134,1
DA:137,3
DA:140,3
DA:143,3
DA:148,3
DA:149,1
DA:150,1
DA:153,2
DA:155,2
DA:166,1
DA:167,3
DA:169,3
DA:173,3
DA:174,1
DA:175,1
DA:178,2
DA:179,1
DA:182,1
DA:188,1
DA:189,2
DA:190,2
DA:191,1
DA:192,1
DA:195,1
DA:200,1
DA:201,1
DA:208,1
DA:209,0
DA:210,0
DA:211,0
DA:215,0
DA:216,0
DA:217,0
DA:218,0
DA:219,0
DA:220,0
DA:222,0
DA:228,1
LF:94
LH:82
BRDA:8,0,0,1
BRDA:8,0,1,1
BRDA:9,1,0,1
BRDA:9,1,1,0
BRDA:17,2,0,0
BRDA:17,2,1,1
BRDA:37,3,0,0
BRDA:37,3,1,1
BRDA:62,4,0,2
BRDA:62,4,1,7
BRDA:65,5,0,1
BRDA:65,5,1,8
BRDA:71,6,0,3
BRDA:71,6,1,6
BRDA:74,7,0,2
BRDA:74,7,1,7
BRDA:92,8,0,3
BRDA:92,8,1,30
BRDA:96,9,0,6
BRDA:96,9,1,3
BRDA:99,10,0,1
BRDA:99,10,1,2
BRDA:103,11,0,1
BRDA:103,11,1,1
BRDA:107,12,0,1
BRDA:107,12,1,0
BRDA:133,13,0,1
BRDA:133,13,1,3
BRDA:133,14,0,4
BRDA:133,14,1,4
BRDA:148,15,0,1
BRDA:148,15,1,2
BRDA:173,16,0,1
BRDA:173,16,1,2
BRDA:178,17,0,1
BRDA:178,17,1,1
BRDA:190,18,0,1
BRDA:190,18,1,1
BRDA:208,19,0,0
BRDA:208,19,1,1
BRDA:219,20,0,0
BRDA:219,20,1,0
BRF:42
BRH:35
end_of_record
